2024-12-25 01:10:15,463 - INFO - Read setting function triggered
2024-12-25 01:10:15,463 - INFO - Base path is = C:\MyWorkspace\PythonProjects\DesktopAppProjects\DataMatrix
2024-12-25 01:10:15,464 - INFO - Settings.json path is = C:\MyWorkspace\PythonProjects\DesktopAppProjects\DataMatrix\config\settings.json
2024-12-25 01:15:27,805 - INFO - Read setting function triggered
2024-12-25 01:15:27,806 - INFO - Base path is = C:\MyWorkspace\PythonProjects\DesktopAppProjects\DataMatrix
2024-12-25 01:15:27,806 - INFO - Settings.json path is = C:\MyWorkspace\PythonProjects\DesktopAppProjects\DataMatrix\config\settings.json
2024-12-25 01:15:29,317 - INFO - Base path is = C:\MyWorkspace\PythonProjects\DesktopAppProjects\DataMatrix
2024-12-25 01:15:29,396 - INFO - Save settings function triggered
2024-12-25 01:15:29,396 - INFO - Base path is = C:\MyWorkspace\PythonProjects\DesktopAppProjects\DataMatrix
2024-12-25 01:15:29,396 - INFO - Settings.json path is = C:\MyWorkspace\PythonProjects\DesktopAppProjects\DataMatrix\config\settings.json
2024-12-25 01:15:29,397 - INFO - Settings JSON file updated successfully
2024-12-25 01:15:34,066 - INFO - Triggered setting screen
2024-12-25 01:15:34,083 - INFO - Read setting function triggered
2024-12-25 01:15:34,084 - INFO - Base path is = C:\MyWorkspace\PythonProjects\DesktopAppProjects\DataMatrix
2024-12-25 01:15:34,084 - INFO - Settings.json path is = C:\MyWorkspace\PythonProjects\DesktopAppProjects\DataMatrix\config\settings.json
2024-12-25 01:15:34,086 - INFO - Read setting function triggered
2024-12-25 01:15:34,087 - INFO - Base path is = C:\MyWorkspace\PythonProjects\DesktopAppProjects\DataMatrix
2024-12-25 01:15:34,087 - INFO - Settings.json path is = C:\MyWorkspace\PythonProjects\DesktopAppProjects\DataMatrix\config\settings.json
2024-12-25 01:15:36,263 - INFO - Read setting function triggered
2024-12-25 01:15:36,264 - INFO - Base path is = C:\MyWorkspace\PythonProjects\DesktopAppProjects\DataMatrix
2024-12-25 01:15:36,264 - INFO - Settings.json path is = C:\MyWorkspace\PythonProjects\DesktopAppProjects\DataMatrix\config\settings.json
2024-12-25 01:15:36,265 - INFO - Base path is = C:\MyWorkspace\PythonProjects\DesktopAppProjects\DataMatrix
2024-12-27 00:16:11,857 - INFO - Read setting function triggered
2024-12-27 00:16:11,858 - INFO - Base path is = C:\MyWorkspace\PythonProjects\DesktopAppProjects\DataMatrix
2024-12-27 00:16:11,858 - INFO - Settings.json path is = C:\MyWorkspace\PythonProjects\DesktopAppProjects\DataMatrix\config\settings.json
2024-12-27 00:16:14,051 - INFO - Base path is = C:\MyWorkspace\PythonProjects\DesktopAppProjects\DataMatrix
2024-12-27 00:16:14,099 - INFO - Save settings function triggered
2024-12-27 00:16:14,100 - INFO - Base path is = C:\MyWorkspace\PythonProjects\DesktopAppProjects\DataMatrix
2024-12-27 00:16:14,100 - INFO - Settings.json path is = C:\MyWorkspace\PythonProjects\DesktopAppProjects\DataMatrix\config\settings.json
2024-12-27 00:16:14,101 - INFO - Settings JSON file updated successfully
2024-12-27 00:16:16,879 - INFO - Fetch and Update Data function triggered
2024-12-27 00:16:16,879 - INFO - Read setting function triggered
2024-12-27 00:16:16,879 - INFO - Base path is = C:\MyWorkspace\PythonProjects\DesktopAppProjects\DataMatrix
2024-12-27 00:16:16,880 - INFO - Settings.json path is = C:\MyWorkspace\PythonProjects\DesktopAppProjects\DataMatrix\config\settings.json
2024-12-27 00:16:22,465 - INFO - Triggered setting screen
2024-12-27 00:16:22,497 - INFO - Read setting function triggered
2024-12-27 00:16:22,498 - INFO - Base path is = C:\MyWorkspace\PythonProjects\DesktopAppProjects\DataMatrix
2024-12-27 00:16:22,498 - INFO - Settings.json path is = C:\MyWorkspace\PythonProjects\DesktopAppProjects\DataMatrix\config\settings.json
2024-12-27 00:16:22,502 - INFO - Read setting function triggered
2024-12-27 00:16:22,503 - INFO - Base path is = C:\MyWorkspace\PythonProjects\DesktopAppProjects\DataMatrix
2024-12-27 00:16:22,503 - INFO - Settings.json path is = C:\MyWorkspace\PythonProjects\DesktopAppProjects\DataMatrix\config\settings.json
2024-12-27 00:16:37,207 - INFO - Save settings function triggered
2024-12-27 00:16:37,208 - INFO - Base path is = C:\MyWorkspace\PythonProjects\DesktopAppProjects\DataMatrix
2024-12-27 00:16:37,208 - INFO - Settings.json path is = C:\MyWorkspace\PythonProjects\DesktopAppProjects\DataMatrix\config\settings.json
2024-12-27 00:16:37,211 - INFO - Settings JSON file updated successfully
2024-12-27 00:16:37,233 - INFO - Read setting function triggered
2024-12-27 00:16:37,234 - INFO - Base path is = C:\MyWorkspace\PythonProjects\DesktopAppProjects\DataMatrix
2024-12-27 00:16:37,234 - INFO - Settings.json path is = C:\MyWorkspace\PythonProjects\DesktopAppProjects\DataMatrix\config\settings.json
2024-12-27 00:16:37,237 - INFO - Base path is = C:\MyWorkspace\PythonProjects\DesktopAppProjects\DataMatrix
2024-12-27 00:16:38,521 - INFO - Fetch and Update Data function triggered
2024-12-27 00:16:38,521 - INFO - Read setting function triggered
2024-12-27 00:16:38,522 - INFO - Base path is = C:\MyWorkspace\PythonProjects\DesktopAppProjects\DataMatrix
2024-12-27 00:16:38,522 - INFO - Settings.json path is = C:\MyWorkspace\PythonProjects\DesktopAppProjects\DataMatrix\config\settings.json
2024-12-27 00:16:38,531 - INFO - Fetching market index data
2024-12-27 00:16:38,532 - INFO - Completed - Fetch and Update Data function.
2024-12-27 00:17:03,885 - INFO - Data fetched successfully
2024-12-27 00:17:03,885 - INFO - Saving data to Excel Sheet function triggered
2024-12-27 00:17:03,933 - ERROR - Error saving data to Excel: [Errno 13] Permission denied: 'C:/Users/deep9/Downloads/DataMatrix/datamatic3.xlsx'
2024-12-27 00:17:03,934 - INFO - Data successfully saved to Excel.
2024-12-27 00:17:55,541 - INFO - Fetch and Update Data function triggered
2024-12-27 00:17:55,542 - INFO - Read setting function triggered
2024-12-27 00:17:55,542 - INFO - Base path is = C:\MyWorkspace\PythonProjects\DesktopAppProjects\DataMatrix
2024-12-27 00:17:55,542 - INFO - Settings.json path is = C:\MyWorkspace\PythonProjects\DesktopAppProjects\DataMatrix\config\settings.json
2024-12-27 00:17:55,547 - INFO - Fetching market index data
2024-12-27 00:17:55,548 - INFO - Completed - Fetch and Update Data function.
2024-12-27 00:18:18,755 - ERROR - Error occurred: Expecting value: line 1 column 1 (char 0)
2024-12-27 00:18:49,981 - INFO - Fetch and Update Data function triggered
2024-12-27 00:18:49,982 - INFO - Read setting function triggered
2024-12-27 00:18:49,982 - INFO - Base path is = C:\MyWorkspace\PythonProjects\DesktopAppProjects\DataMatrix
2024-12-27 00:18:49,982 - INFO - Settings.json path is = C:\MyWorkspace\PythonProjects\DesktopAppProjects\DataMatrix\config\settings.json
2024-12-27 00:18:49,986 - INFO - Fetching market index data
2024-12-27 00:18:49,987 - INFO - Completed - Fetch and Update Data function.
2024-12-27 00:19:12,333 - ERROR - Error occurred: Expecting value: line 1 column 1 (char 0)
2024-12-27 00:19:23,224 - INFO - Fetch and Update Data function triggered
2024-12-27 00:19:23,224 - INFO - Read setting function triggered
2024-12-27 00:19:23,225 - INFO - Base path is = C:\MyWorkspace\PythonProjects\DesktopAppProjects\DataMatrix
2024-12-27 00:19:23,225 - INFO - Settings.json path is = C:\MyWorkspace\PythonProjects\DesktopAppProjects\DataMatrix\config\settings.json
2024-12-27 00:19:23,229 - INFO - Fetching market index data
2024-12-27 00:19:23,230 - INFO - Completed - Fetch and Update Data function.
2024-12-27 00:19:45,249 - ERROR - Error occurred: Expecting value: line 1 column 1 (char 0)
2024-12-27 00:20:18,000 - INFO - Fetch and Update Data function triggered
2024-12-27 00:20:18,001 - INFO - Read setting function triggered
2024-12-27 00:20:18,001 - INFO - Base path is = C:\MyWorkspace\PythonProjects\DesktopAppProjects\DataMatrix
2024-12-27 00:20:18,002 - INFO - Settings.json path is = C:\MyWorkspace\PythonProjects\DesktopAppProjects\DataMatrix\config\settings.json
2024-12-27 00:20:18,005 - INFO - Fetching market index data
2024-12-27 00:20:18,006 - INFO - Completed - Fetch and Update Data function.
2024-12-27 00:20:40,644 - ERROR - Error occurred: Expecting value: line 1 column 1 (char 0)
2024-12-27 00:23:56,624 - INFO - Fetch and Update Data function triggered
2024-12-27 00:23:56,625 - INFO - Read setting function triggered
2024-12-27 00:23:56,625 - INFO - Base path is = C:\MyWorkspace\PythonProjects\DesktopAppProjects\DataMatrix
2024-12-27 00:23:56,626 - INFO - Settings.json path is = C:\MyWorkspace\PythonProjects\DesktopAppProjects\DataMatrix\config\settings.json
2024-12-27 00:23:56,629 - INFO - Fetching market index data
2024-12-27 00:23:56,630 - INFO - Completed - Fetch and Update Data function.
2024-12-27 00:24:19,699 - ERROR - Error occurred: Expecting value: line 1 column 1 (char 0)
2024-12-27 00:24:23,175 - INFO - Fetch and Update Data function triggered
2024-12-27 00:24:23,176 - INFO - Read setting function triggered
2024-12-27 00:24:23,176 - INFO - Base path is = C:\MyWorkspace\PythonProjects\DesktopAppProjects\DataMatrix
2024-12-27 00:24:23,176 - INFO - Settings.json path is = C:\MyWorkspace\PythonProjects\DesktopAppProjects\DataMatrix\config\settings.json
2024-12-27 00:24:23,180 - INFO - Fetching market index data
2024-12-27 00:24:23,181 - INFO - Completed - Fetch and Update Data function.
2024-12-27 00:24:46,316 - ERROR - Error occurred: Expecting value: line 1 column 1 (char 0)
2024-12-27 00:24:53,719 - INFO - Triggered setting screen
2024-12-27 00:24:53,756 - INFO - Read setting function triggered
2024-12-27 00:24:53,756 - INFO - Base path is = C:\MyWorkspace\PythonProjects\DesktopAppProjects\DataMatrix
2024-12-27 00:24:53,757 - INFO - Settings.json path is = C:\MyWorkspace\PythonProjects\DesktopAppProjects\DataMatrix\config\settings.json
2024-12-27 00:24:53,762 - INFO - Read setting function triggered
2024-12-27 00:24:53,762 - INFO - Base path is = C:\MyWorkspace\PythonProjects\DesktopAppProjects\DataMatrix
2024-12-27 00:24:53,763 - INFO - Settings.json path is = C:\MyWorkspace\PythonProjects\DesktopAppProjects\DataMatrix\config\settings.json
2024-12-27 00:25:08,736 - INFO - Save settings function triggered
2024-12-27 00:25:08,736 - INFO - Base path is = C:\MyWorkspace\PythonProjects\DesktopAppProjects\DataMatrix
2024-12-27 00:25:08,737 - INFO - Settings.json path is = C:\MyWorkspace\PythonProjects\DesktopAppProjects\DataMatrix\config\settings.json
2024-12-27 00:25:08,740 - INFO - Settings JSON file updated successfully
2024-12-27 00:25:08,764 - INFO - Read setting function triggered
2024-12-27 00:25:08,764 - INFO - Base path is = C:\MyWorkspace\PythonProjects\DesktopAppProjects\DataMatrix
2024-12-27 00:25:08,765 - INFO - Settings.json path is = C:\MyWorkspace\PythonProjects\DesktopAppProjects\DataMatrix\config\settings.json
2024-12-27 00:25:08,767 - INFO - Base path is = C:\MyWorkspace\PythonProjects\DesktopAppProjects\DataMatrix
2024-12-27 00:25:13,555 - INFO - Generate monthly report function triggered
2024-12-27 00:25:13,555 - INFO - Read setting function triggered
2024-12-27 00:25:13,555 - INFO - Base path is = C:\MyWorkspace\PythonProjects\DesktopAppProjects\DataMatrix
2024-12-27 00:25:13,555 - INFO - Settings.json path is = C:\MyWorkspace\PythonProjects\DesktopAppProjects\DataMatrix\config\settings.json
2024-12-27 00:25:13,556 - INFO - Read setting function triggered
2024-12-27 00:25:13,556 - INFO - Base path is = C:\MyWorkspace\PythonProjects\DesktopAppProjects\DataMatrix
2024-12-27 00:25:13,556 - INFO - Settings.json path is = C:\MyWorkspace\PythonProjects\DesktopAppProjects\DataMatrix\config\settings.json
2024-12-27 00:25:13,559 - INFO - Completed - Generate monthly report function
2024-12-27 00:25:23,921 - INFO - Generate weekly report function triggered
2024-12-27 00:25:23,921 - INFO - Read setting function triggered
2024-12-27 00:25:23,921 - INFO - Base path is = C:\MyWorkspace\PythonProjects\DesktopAppProjects\DataMatrix
2024-12-27 00:25:23,921 - INFO - Settings.json path is = C:\MyWorkspace\PythonProjects\DesktopAppProjects\DataMatrix\config\settings.json
2024-12-27 00:25:23,922 - INFO - Read setting function triggered
2024-12-27 00:25:23,923 - INFO - Base path is = C:\MyWorkspace\PythonProjects\DesktopAppProjects\DataMatrix
2024-12-27 00:25:23,923 - INFO - Settings.json path is = C:\MyWorkspace\PythonProjects\DesktopAppProjects\DataMatrix\config\settings.json
2024-12-27 00:25:23,926 - INFO - Completed - Generate weekly report function
2024-12-27 00:25:35,670 - INFO - Generate daily report function triggered
2024-12-27 00:25:35,671 - INFO - Read setting function triggered
2024-12-27 00:25:35,671 - INFO - Base path is = C:\MyWorkspace\PythonProjects\DesktopAppProjects\DataMatrix
2024-12-27 00:25:35,671 - INFO - Settings.json path is = C:\MyWorkspace\PythonProjects\DesktopAppProjects\DataMatrix\config\settings.json
2024-12-27 00:25:35,673 - INFO - Read setting function triggered
2024-12-27 00:25:35,673 - INFO - Base path is = C:\MyWorkspace\PythonProjects\DesktopAppProjects\DataMatrix
2024-12-27 00:25:35,673 - INFO - Settings.json path is = C:\MyWorkspace\PythonProjects\DesktopAppProjects\DataMatrix\config\settings.json
2024-12-27 00:25:35,676 - INFO - Completed - Generate daily report function
2024-12-27 00:25:43,058 - INFO - Read setting function triggered
2024-12-27 00:25:43,058 - INFO - Base path is = C:\MyWorkspace\PythonProjects\DesktopAppProjects\DataMatrix
2024-12-27 00:25:43,058 - INFO - Settings.json path is = C:\MyWorkspace\PythonProjects\DesktopAppProjects\DataMatrix\config\settings.json
2024-12-27 00:31:59,750 - INFO - Read setting function triggered
2024-12-27 00:31:59,750 - INFO - Base path is = C:\MyWorkspace\PythonProjects\DesktopAppProjects\DataMatrix
2024-12-27 00:31:59,750 - INFO - Settings.json path is = C:\MyWorkspace\PythonProjects\DesktopAppProjects\DataMatrix\config\settings.json
2024-12-27 00:31:59,750 - INFO - Base path is = C:\MyWorkspace\PythonProjects\DesktopAppProjects\DataMatrix
2024-12-27 00:32:03,347 - INFO - Triggered setting screen
2024-12-27 00:32:03,382 - INFO - Read setting function triggered
2024-12-27 00:32:03,382 - INFO - Base path is = C:\MyWorkspace\PythonProjects\DesktopAppProjects\DataMatrix
2024-12-27 00:32:03,383 - INFO - Settings.json path is = C:\MyWorkspace\PythonProjects\DesktopAppProjects\DataMatrix\config\settings.json
2024-12-27 00:32:03,386 - INFO - Read setting function triggered
2024-12-27 00:32:03,386 - INFO - Base path is = C:\MyWorkspace\PythonProjects\DesktopAppProjects\DataMatrix
2024-12-27 00:32:03,386 - INFO - Settings.json path is = C:\MyWorkspace\PythonProjects\DesktopAppProjects\DataMatrix\config\settings.json
2024-12-27 00:32:06,226 - INFO - Save settings function triggered
2024-12-27 00:32:06,227 - INFO - Base path is = C:\MyWorkspace\PythonProjects\DesktopAppProjects\DataMatrix
2024-12-27 00:32:06,227 - INFO - Settings.json path is = C:\MyWorkspace\PythonProjects\DesktopAppProjects\DataMatrix\config\settings.json
2024-12-27 00:32:06,230 - INFO - Settings JSON file updated successfully
2024-12-27 00:32:06,257 - INFO - Read setting function triggered
2024-12-27 00:32:06,257 - INFO - Base path is = C:\MyWorkspace\PythonProjects\DesktopAppProjects\DataMatrix
2024-12-27 00:32:06,257 - INFO - Settings.json path is = C:\MyWorkspace\PythonProjects\DesktopAppProjects\DataMatrix\config\settings.json
2024-12-27 00:32:06,260 - INFO - Base path is = C:\MyWorkspace\PythonProjects\DesktopAppProjects\DataMatrix
2024-12-27 00:32:10,249 - INFO - Fetch and Update Data function triggered
2024-12-27 00:32:10,249 - INFO - Read setting function triggered
2024-12-27 00:32:10,250 - INFO - Base path is = C:\MyWorkspace\PythonProjects\DesktopAppProjects\DataMatrix
2024-12-27 00:32:10,250 - INFO - Settings.json path is = C:\MyWorkspace\PythonProjects\DesktopAppProjects\DataMatrix\config\settings.json
2024-12-27 00:32:10,254 - INFO - Fetching market index data
2024-12-27 00:32:10,255 - INFO - Completed - Fetch and Update Data function.
2024-12-27 00:32:32,913 - INFO - Data fetched successfully
2024-12-27 00:32:32,913 - INFO - Saving data to Excel Sheet function triggered
2024-12-27 00:33:00,496 - INFO - Data successfully saved to: C:/Users/deep9/Downloads/DataMatrix/datamatic0.xlsx
2024-12-27 00:33:00,496 - INFO - Data successfully saved to Excel.
2024-12-27 00:42:49,304 - INFO - Read setting function triggered
2024-12-27 00:42:49,304 - INFO - Base path is = C:\MyWorkspace\PythonProjects\DesktopAppProjects\DataMatrix
2024-12-27 00:42:49,304 - INFO - Settings.json path is = C:\MyWorkspace\PythonProjects\DesktopAppProjects\DataMatrix\config\settings.json
2024-12-27 00:42:49,305 - INFO - Base path is = C:\MyWorkspace\PythonProjects\DesktopAppProjects\DataMatrix
2024-12-27 00:42:56,984 - INFO - Fetch and Update Data function triggered
2024-12-27 00:42:56,985 - INFO - Read setting function triggered
2024-12-27 00:42:56,985 - INFO - Base path is = C:\MyWorkspace\PythonProjects\DesktopAppProjects\DataMatrix
2024-12-27 00:42:56,985 - INFO - Settings.json path is = C:\MyWorkspace\PythonProjects\DesktopAppProjects\DataMatrix\config\settings.json
2024-12-27 00:42:56,991 - INFO - Fetching market index data
2024-12-27 00:42:56,992 - INFO - Completed - Fetch and Update Data function.
2024-12-27 00:43:19,868 - ERROR - Error occurred: Expecting value: line 1 column 1 (char 0)
2024-12-27 00:43:26,200 - INFO - Fetch and Update Data function triggered
2024-12-27 00:43:26,201 - INFO - Read setting function triggered
2024-12-27 00:43:26,201 - INFO - Base path is = C:\MyWorkspace\PythonProjects\DesktopAppProjects\DataMatrix
2024-12-27 00:43:26,201 - INFO - Settings.json path is = C:\MyWorkspace\PythonProjects\DesktopAppProjects\DataMatrix\config\settings.json
2024-12-27 00:43:26,204 - INFO - Fetching market index data
2024-12-27 00:43:26,204 - INFO - Completed - Fetch and Update Data function.
2024-12-27 00:43:48,024 - INFO - Data fetched successfully
2024-12-27 00:43:48,024 - INFO - Saving data to Excel Sheet function triggered
2024-12-27 00:43:48,033 - WARNING - Column 'B' not found in DataFrame. Skipping rearrangement.
2024-12-27 00:44:00,462 - INFO - Data successfully saved to: C:/Users/deep9/Downloads/DataMatrix/datamatic0.xlsx
2024-12-27 00:44:00,462 - INFO - Data successfully saved to Excel.
2024-12-28 13:33:33,939 - INFO - Read setting function triggered
2024-12-28 13:33:33,940 - INFO - Base path is = C:\MyWorkspace\PythonProjects\DesktopAppProjects\DataMatrix
2024-12-28 13:33:33,940 - INFO - Settings.json path is = C:\MyWorkspace\PythonProjects\DesktopAppProjects\DataMatrix\config\settings.json
2024-12-28 13:33:35,078 - INFO - Base path is = C:\MyWorkspace\PythonProjects\DesktopAppProjects\DataMatrix
2024-12-28 13:33:35,171 - INFO - Save settings function triggered
2024-12-28 13:33:35,171 - INFO - Base path is = C:\MyWorkspace\PythonProjects\DesktopAppProjects\DataMatrix
2024-12-28 13:33:35,171 - INFO - Settings.json path is = C:\MyWorkspace\PythonProjects\DesktopAppProjects\DataMatrix\config\settings.json
2024-12-28 13:33:35,173 - INFO - Settings JSON file updated successfully
2024-12-28 13:33:46,655 - INFO - Generate daily report function triggered
2024-12-28 13:33:46,655 - INFO - Read setting function triggered
2024-12-28 13:33:46,655 - INFO - Base path is = C:\MyWorkspace\PythonProjects\DesktopAppProjects\DataMatrix
2024-12-28 13:33:46,655 - INFO - Settings.json path is = C:\MyWorkspace\PythonProjects\DesktopAppProjects\DataMatrix\config\settings.json
2024-12-28 13:33:46,656 - INFO - Read setting function triggered
2024-12-28 13:33:46,656 - INFO - Base path is = C:\MyWorkspace\PythonProjects\DesktopAppProjects\DataMatrix
2024-12-28 13:33:46,656 - INFO - Settings.json path is = C:\MyWorkspace\PythonProjects\DesktopAppProjects\DataMatrix\config\settings.json
2024-12-28 13:33:46,661 - INFO - Read setting function triggered
2024-12-28 13:33:46,661 - INFO - Base path is = C:\MyWorkspace\PythonProjects\DesktopAppProjects\DataMatrix
2024-12-28 13:33:46,661 - INFO - Settings.json path is = C:\MyWorkspace\PythonProjects\DesktopAppProjects\DataMatrix\config\settings.json
2024-12-28 13:33:46,662 - ERROR - User tried to generate daily reports without Fetching data
2024-12-28 13:33:46,662 - ERROR - Error : Please Fetch and Update data first and try again
2024-12-28 13:33:52,449 - INFO - Completed - Generate daily report function
2024-12-28 13:43:16,421 - INFO - Read setting function triggered
2024-12-28 13:43:16,421 - INFO - Base path is = C:\MyWorkspace\PythonProjects\DesktopAppProjects\DataMatrix
2024-12-28 13:43:16,421 - INFO - Settings.json path is = C:\MyWorkspace\PythonProjects\DesktopAppProjects\DataMatrix\config\settings.json
2024-12-28 13:43:17,454 - INFO - Base path is = C:\MyWorkspace\PythonProjects\DesktopAppProjects\DataMatrix
2024-12-28 13:43:17,508 - INFO - Save settings function triggered
2024-12-28 13:43:17,509 - INFO - Base path is = C:\MyWorkspace\PythonProjects\DesktopAppProjects\DataMatrix
2024-12-28 13:43:17,509 - INFO - Settings.json path is = C:\MyWorkspace\PythonProjects\DesktopAppProjects\DataMatrix\config\settings.json
2024-12-28 13:43:17,510 - INFO - Settings JSON file updated successfully
2024-12-28 13:43:47,480 - INFO - Generate daily report function triggered
2024-12-28 13:43:47,481 - INFO - Read setting function triggered
2024-12-28 13:43:47,481 - INFO - Base path is = C:\MyWorkspace\PythonProjects\DesktopAppProjects\DataMatrix
2024-12-28 13:43:47,482 - INFO - Settings.json path is = C:\MyWorkspace\PythonProjects\DesktopAppProjects\DataMatrix\config\settings.json
2024-12-28 13:43:47,483 - INFO - Read setting function triggered
2024-12-28 13:43:47,483 - INFO - Base path is = C:\MyWorkspace\PythonProjects\DesktopAppProjects\DataMatrix
2024-12-28 13:43:47,483 - INFO - Settings.json path is = C:\MyWorkspace\PythonProjects\DesktopAppProjects\DataMatrix\config\settings.json
2024-12-28 13:43:47,486 - INFO - Read setting function triggered
2024-12-28 13:43:47,486 - INFO - Base path is = C:\MyWorkspace\PythonProjects\DesktopAppProjects\DataMatrix
2024-12-28 13:43:47,486 - INFO - Settings.json path is = C:\MyWorkspace\PythonProjects\DesktopAppProjects\DataMatrix\config\settings.json
2024-12-28 13:43:47,487 - ERROR - User tried to generate daily reports without Fetching data
2024-12-28 13:43:47,488 - ERROR - Error : Please Fetch and Update data first and try again
2024-12-28 13:43:58,373 - INFO - Generate daily report function triggered
2024-12-28 13:43:58,373 - INFO - Read setting function triggered
2024-12-28 13:43:58,374 - INFO - Base path is = C:\MyWorkspace\PythonProjects\DesktopAppProjects\DataMatrix
2024-12-28 13:43:58,374 - INFO - Settings.json path is = C:\MyWorkspace\PythonProjects\DesktopAppProjects\DataMatrix\config\settings.json
2024-12-28 13:43:58,375 - INFO - Read setting function triggered
2024-12-28 13:43:58,375 - INFO - Base path is = C:\MyWorkspace\PythonProjects\DesktopAppProjects\DataMatrix
2024-12-28 13:43:58,375 - INFO - Settings.json path is = C:\MyWorkspace\PythonProjects\DesktopAppProjects\DataMatrix\config\settings.json
2024-12-28 13:43:58,378 - INFO - Read setting function triggered
2024-12-28 13:43:58,378 - INFO - Base path is = C:\MyWorkspace\PythonProjects\DesktopAppProjects\DataMatrix
2024-12-28 13:43:58,378 - INFO - Settings.json path is = C:\MyWorkspace\PythonProjects\DesktopAppProjects\DataMatrix\config\settings.json
2024-12-28 13:43:58,379 - ERROR - User tried to generate daily reports without Fetching data
2024-12-28 13:43:58,379 - ERROR - Error : Please Fetch and Update data first and try again
2024-12-30 19:07:31,952 - INFO - Read setting function triggered
2024-12-30 19:07:31,953 - INFO - Base path is = C:\MyWorkspace\PythonProjects\DesktopAppProjects\DataMatrix
2024-12-30 19:07:31,953 - INFO - Settings.json path is = C:\MyWorkspace\PythonProjects\DesktopAppProjects\DataMatrix\config\settings.json
2024-12-30 19:07:33,194 - INFO - Base path is = C:\MyWorkspace\PythonProjects\DesktopAppProjects\DataMatrix
2024-12-30 19:07:33,292 - INFO - Save settings function triggered
2024-12-30 19:07:33,292 - INFO - Base path is = C:\MyWorkspace\PythonProjects\DesktopAppProjects\DataMatrix
2024-12-30 19:07:33,292 - INFO - Settings.json path is = C:\MyWorkspace\PythonProjects\DesktopAppProjects\DataMatrix\config\settings.json
2024-12-30 19:07:33,292 - INFO - Settings JSON file updated successfully
2024-12-30 19:07:58,187 - INFO - Read setting function triggered
2024-12-30 19:07:58,187 - INFO - Base path is = C:\MyWorkspace\PythonProjects\DesktopAppProjects\DataMatrix
2024-12-30 19:07:58,187 - INFO - Settings.json path is = C:\MyWorkspace\PythonProjects\DesktopAppProjects\DataMatrix\config\settings.json
2024-12-30 19:07:59,193 - INFO - Base path is = C:\MyWorkspace\PythonProjects\DesktopAppProjects\DataMatrix
2024-12-30 19:07:59,275 - INFO - Save settings function triggered
2024-12-30 19:07:59,275 - INFO - Base path is = C:\MyWorkspace\PythonProjects\DesktopAppProjects\DataMatrix
2024-12-30 19:07:59,275 - INFO - Settings.json path is = C:\MyWorkspace\PythonProjects\DesktopAppProjects\DataMatrix\config\settings.json
2024-12-30 19:07:59,277 - INFO - Settings JSON file updated successfully
2024-12-30 19:08:14,898 - INFO - Read setting function triggered
2024-12-30 19:08:14,898 - INFO - Base path is = C:\MyWorkspace\PythonProjects\DesktopAppProjects\DataMatrix
2024-12-30 19:08:14,898 - INFO - Settings.json path is = C:\MyWorkspace\PythonProjects\DesktopAppProjects\DataMatrix\config\settings.json
2024-12-30 19:08:35,711 - INFO - Read setting function triggered
2024-12-30 19:08:35,712 - INFO - Base path is = C:\MyWorkspace\PythonProjects\DesktopAppProjects\DataMatrix
2024-12-30 19:08:35,712 - INFO - Settings.json path is = C:\MyWorkspace\PythonProjects\DesktopAppProjects\DataMatrix\config\settings.json
2024-12-30 19:08:36,774 - INFO - Base path is = C:\MyWorkspace\PythonProjects\DesktopAppProjects\DataMatrix
2024-12-30 19:08:36,857 - INFO - Save settings function triggered
2024-12-30 19:08:36,857 - INFO - Base path is = C:\MyWorkspace\PythonProjects\DesktopAppProjects\DataMatrix
2024-12-30 19:08:36,858 - INFO - Settings.json path is = C:\MyWorkspace\PythonProjects\DesktopAppProjects\DataMatrix\config\settings.json
2024-12-30 19:08:36,858 - INFO - Settings JSON file updated successfully
2024-12-30 19:08:49,170 - INFO - Read setting function triggered
2024-12-30 19:08:49,170 - INFO - Base path is = C:\MyWorkspace\PythonProjects\DesktopAppProjects\DataMatrix
2024-12-30 19:08:49,170 - INFO - Settings.json path is = C:\MyWorkspace\PythonProjects\DesktopAppProjects\DataMatrix\config\settings.json
2025-01-01 00:00:05,809 - INFO - Read setting function triggered
2025-01-01 00:00:05,809 - INFO - Base path is = C:\MyWorkspace\PythonProjects\DesktopAppProjects\DataMatrix
2025-01-01 00:00:05,809 - INFO - Settings.json path is = C:\MyWorkspace\PythonProjects\DesktopAppProjects\DataMatrix\config\settings.json
2025-01-01 00:01:26,335 - INFO - Read setting function triggered
2025-01-01 00:01:26,335 - INFO - Base path is = C:\MyWorkspace\PythonProjects\DesktopAppProjects\DataMatrix
2025-01-01 00:01:26,335 - INFO - Settings.json path is = C:\MyWorkspace\PythonProjects\DesktopAppProjects\DataMatrix\config\settings.json
2025-01-01 00:01:27,716 - INFO - Base path is = C:\MyWorkspace\PythonProjects\DesktopAppProjects\DataMatrix
2025-01-01 00:01:27,751 - INFO - Save settings function triggered
2025-01-01 00:01:27,751 - INFO - Base path is = C:\MyWorkspace\PythonProjects\DesktopAppProjects\DataMatrix
2025-01-01 00:01:27,752 - INFO - Settings.json path is = C:\MyWorkspace\PythonProjects\DesktopAppProjects\DataMatrix\config\settings.json
2025-01-01 00:01:27,753 - INFO - Settings JSON file updated successfully
2025-01-01 00:01:35,407 - INFO - Fetch and Update Data function triggered
2025-01-01 00:01:35,407 - INFO - Read setting function triggered
2025-01-01 00:01:35,407 - INFO - Base path is = C:\MyWorkspace\PythonProjects\DesktopAppProjects\DataMatrix
2025-01-01 00:01:35,408 - INFO - Settings.json path is = C:\MyWorkspace\PythonProjects\DesktopAppProjects\DataMatrix\config\settings.json
2025-01-01 00:01:35,409 - ERROR - Excel File Error: File does not exist.
2025-01-01 00:01:39,668 - INFO - Triggered setting screen
2025-01-01 00:01:39,680 - INFO - Read setting function triggered
2025-01-01 00:01:39,680 - INFO - Base path is = C:\MyWorkspace\PythonProjects\DesktopAppProjects\DataMatrix
2025-01-01 00:01:39,680 - INFO - Settings.json path is = C:\MyWorkspace\PythonProjects\DesktopAppProjects\DataMatrix\config\settings.json
2025-01-01 00:01:39,683 - INFO - Read setting function triggered
2025-01-01 00:01:39,683 - INFO - Base path is = C:\MyWorkspace\PythonProjects\DesktopAppProjects\DataMatrix
2025-01-01 00:01:39,683 - INFO - Settings.json path is = C:\MyWorkspace\PythonProjects\DesktopAppProjects\DataMatrix\config\settings.json
2025-01-01 00:01:54,982 - INFO - Read setting function triggered
2025-01-01 00:01:54,982 - INFO - Base path is = C:\MyWorkspace\PythonProjects\DesktopAppProjects\DataMatrix
2025-01-01 00:01:54,983 - INFO - Settings.json path is = C:\MyWorkspace\PythonProjects\DesktopAppProjects\DataMatrix\config\settings.json
2025-01-01 00:01:56,929 - INFO - Base path is = C:\MyWorkspace\PythonProjects\DesktopAppProjects\DataMatrix
2025-01-01 00:01:56,960 - INFO - Save settings function triggered
2025-01-01 00:01:56,960 - INFO - Base path is = C:\MyWorkspace\PythonProjects\DesktopAppProjects\DataMatrix
2025-01-01 00:01:56,960 - INFO - Settings.json path is = C:\MyWorkspace\PythonProjects\DesktopAppProjects\DataMatrix\config\settings.json
2025-01-01 00:01:56,962 - INFO - Settings JSON file updated successfully
2025-01-01 00:02:10,387 - INFO - Fetch and Update Data function triggered
2025-01-01 00:02:10,388 - INFO - Read setting function triggered
2025-01-01 00:02:10,388 - INFO - Base path is = C:\MyWorkspace\PythonProjects\DesktopAppProjects\DataMatrix
2025-01-01 00:02:10,388 - INFO - Settings.json path is = C:\MyWorkspace\PythonProjects\DesktopAppProjects\DataMatrix\config\settings.json
2025-01-01 00:02:10,389 - ERROR - Excel File Error: File does not exist.
2025-01-01 00:02:18,257 - INFO - Generate daily report function triggered
2025-01-01 00:02:18,258 - INFO - Read setting function triggered
2025-01-01 00:02:18,258 - INFO - Base path is = C:\MyWorkspace\PythonProjects\DesktopAppProjects\DataMatrix
2025-01-01 00:02:18,259 - INFO - Settings.json path is = C:\MyWorkspace\PythonProjects\DesktopAppProjects\DataMatrix\config\settings.json
2025-01-01 00:02:18,260 - INFO - Read setting function triggered
2025-01-01 00:02:18,260 - INFO - Base path is = C:\MyWorkspace\PythonProjects\DesktopAppProjects\DataMatrix
2025-01-01 00:02:18,260 - INFO - Settings.json path is = C:\MyWorkspace\PythonProjects\DesktopAppProjects\DataMatrix\config\settings.json
2025-01-01 00:02:18,261 - ERROR - Excel File Error: File does not exist.
2025-01-01 00:02:22,509 - INFO - Triggered setting screen
2025-01-01 00:02:22,525 - INFO - Read setting function triggered
2025-01-01 00:02:22,526 - INFO - Base path is = C:\MyWorkspace\PythonProjects\DesktopAppProjects\DataMatrix
2025-01-01 00:02:22,526 - INFO - Settings.json path is = C:\MyWorkspace\PythonProjects\DesktopAppProjects\DataMatrix\config\settings.json
2025-01-01 00:02:22,530 - INFO - Read setting function triggered
2025-01-01 00:02:22,530 - INFO - Base path is = C:\MyWorkspace\PythonProjects\DesktopAppProjects\DataMatrix
2025-01-01 00:02:22,530 - INFO - Settings.json path is = C:\MyWorkspace\PythonProjects\DesktopAppProjects\DataMatrix\config\settings.json
2025-01-01 00:02:31,902 - INFO - Save settings function triggered
2025-01-01 00:02:31,902 - INFO - Base path is = C:\MyWorkspace\PythonProjects\DesktopAppProjects\DataMatrix
2025-01-01 00:02:31,902 - INFO - Settings.json path is = C:\MyWorkspace\PythonProjects\DesktopAppProjects\DataMatrix\config\settings.json
2025-01-01 00:02:31,904 - INFO - Settings JSON file updated successfully
2025-01-01 00:02:31,912 - INFO - Read setting function triggered
2025-01-01 00:02:31,912 - INFO - Base path is = C:\MyWorkspace\PythonProjects\DesktopAppProjects\DataMatrix
2025-01-01 00:02:31,912 - INFO - Settings.json path is = C:\MyWorkspace\PythonProjects\DesktopAppProjects\DataMatrix\config\settings.json
2025-01-01 00:02:33,200 - INFO - Base path is = C:\MyWorkspace\PythonProjects\DesktopAppProjects\DataMatrix
2025-01-01 00:02:33,229 - INFO - Save settings function triggered
2025-01-01 00:02:33,229 - INFO - Base path is = C:\MyWorkspace\PythonProjects\DesktopAppProjects\DataMatrix
2025-01-01 00:02:33,229 - INFO - Settings.json path is = C:\MyWorkspace\PythonProjects\DesktopAppProjects\DataMatrix\config\settings.json
2025-01-01 00:02:33,230 - INFO - Settings JSON file updated successfully
2025-01-01 00:02:35,713 - INFO - Generate daily report function triggered
2025-01-01 00:02:35,713 - INFO - Read setting function triggered
2025-01-01 00:02:35,714 - INFO - Base path is = C:\MyWorkspace\PythonProjects\DesktopAppProjects\DataMatrix
2025-01-01 00:02:35,714 - INFO - Settings.json path is = C:\MyWorkspace\PythonProjects\DesktopAppProjects\DataMatrix\config\settings.json
2025-01-01 00:02:35,716 - INFO - Read setting function triggered
2025-01-01 00:02:35,717 - INFO - Base path is = C:\MyWorkspace\PythonProjects\DesktopAppProjects\DataMatrix
2025-01-01 00:02:35,717 - INFO - Settings.json path is = C:\MyWorkspace\PythonProjects\DesktopAppProjects\DataMatrix\config\settings.json
2025-01-01 00:02:35,719 - INFO - Read setting function triggered
2025-01-01 00:02:35,719 - INFO - Base path is = C:\MyWorkspace\PythonProjects\DesktopAppProjects\DataMatrix
2025-01-01 00:02:35,720 - INFO - Settings.json path is = C:\MyWorkspace\PythonProjects\DesktopAppProjects\DataMatrix\config\settings.json
2025-01-01 00:02:35,721 - ERROR - User tried to generate daily reports without Fetching data
2025-01-01 00:02:35,721 - ERROR - Error : Please Fetch and Update data first and try again
2025-01-01 00:02:42,256 - INFO - Generate monthly report function triggered
2025-01-01 00:02:42,256 - INFO - Read setting function triggered
2025-01-01 00:02:42,257 - INFO - Base path is = C:\MyWorkspace\PythonProjects\DesktopAppProjects\DataMatrix
2025-01-01 00:02:42,257 - INFO - Settings.json path is = C:\MyWorkspace\PythonProjects\DesktopAppProjects\DataMatrix\config\settings.json
2025-01-01 00:02:42,258 - INFO - Read setting function triggered
2025-01-01 00:02:42,258 - INFO - Base path is = C:\MyWorkspace\PythonProjects\DesktopAppProjects\DataMatrix
2025-01-01 00:02:42,259 - INFO - Settings.json path is = C:\MyWorkspace\PythonProjects\DesktopAppProjects\DataMatrix\config\settings.json
2025-01-01 00:02:42,267 - INFO - Completed - Generate monthly report function
2025-01-01 00:02:48,882 - INFO - Save settings function triggered
2025-01-01 00:02:48,883 - INFO - Base path is = C:\MyWorkspace\PythonProjects\DesktopAppProjects\DataMatrix
2025-01-01 00:02:48,883 - INFO - Settings.json path is = C:\MyWorkspace\PythonProjects\DesktopAppProjects\DataMatrix\config\settings.json
2025-01-01 00:02:48,883 - INFO - Settings JSON file updated successfully
2025-01-01 00:02:51,331 - INFO - Generate weekly report function triggered
2025-01-01 00:02:51,331 - INFO - Read setting function triggered
2025-01-01 00:02:51,331 - INFO - Base path is = C:\MyWorkspace\PythonProjects\DesktopAppProjects\DataMatrix
2025-01-01 00:02:51,331 - INFO - Settings.json path is = C:\MyWorkspace\PythonProjects\DesktopAppProjects\DataMatrix\config\settings.json
2025-01-01 00:02:51,332 - INFO - Read setting function triggered
2025-01-01 00:02:51,332 - INFO - Base path is = C:\MyWorkspace\PythonProjects\DesktopAppProjects\DataMatrix
2025-01-01 00:02:51,332 - INFO - Settings.json path is = C:\MyWorkspace\PythonProjects\DesktopAppProjects\DataMatrix\config\settings.json
2025-01-01 00:02:51,332 - INFO - Read setting function triggered
2025-01-01 00:02:51,332 - INFO - Base path is = C:\MyWorkspace\PythonProjects\DesktopAppProjects\DataMatrix
2025-01-01 00:02:51,332 - INFO - Settings.json path is = C:\MyWorkspace\PythonProjects\DesktopAppProjects\DataMatrix\config\settings.json
2025-01-01 00:02:51,332 - ERROR - User tried to generate daily reports without Fetching data
2025-01-01 00:02:51,333 - ERROR - Error : Please Fetch and Update data first and try again
2025-01-01 00:02:54,464 - INFO - Completed - Generate weekly report function
2025-01-01 00:03:01,050 - INFO - Save settings function triggered
2025-01-01 00:03:01,050 - INFO - Base path is = C:\MyWorkspace\PythonProjects\DesktopAppProjects\DataMatrix
2025-01-01 00:03:01,050 - INFO - Settings.json path is = C:\MyWorkspace\PythonProjects\DesktopAppProjects\DataMatrix\config\settings.json
2025-01-01 00:03:01,051 - INFO - Settings JSON file updated successfully
2025-01-01 11:04:56,910 - INFO - Read setting function triggered
2025-01-01 11:04:56,912 - INFO - Base path is = C:\MyWorkspace\PythonProjects\DesktopAppProjects\DataMatrix
2025-01-01 11:04:56,912 - INFO - Settings.json path is = C:\MyWorkspace\PythonProjects\DesktopAppProjects\DataMatrix\config\settings.json
2025-01-01 11:04:58,657 - INFO - Base path is = C:\MyWorkspace\PythonProjects\DesktopAppProjects\DataMatrix
2025-01-01 11:04:58,812 - INFO - Save settings function triggered
2025-01-01 11:04:58,812 - INFO - Base path is = C:\MyWorkspace\PythonProjects\DesktopAppProjects\DataMatrix
2025-01-01 11:04:58,812 - INFO - Settings.json path is = C:\MyWorkspace\PythonProjects\DesktopAppProjects\DataMatrix\config\settings.json
2025-01-01 11:04:58,813 - INFO - Settings JSON file updated successfully
2025-01-01 11:05:18,245 - INFO - Generate monthly report function triggered
2025-01-01 11:05:18,246 - INFO - Read setting function triggered
2025-01-01 11:05:18,246 - INFO - Base path is = C:\MyWorkspace\PythonProjects\DesktopAppProjects\DataMatrix
2025-01-01 11:05:18,246 - INFO - Settings.json path is = C:\MyWorkspace\PythonProjects\DesktopAppProjects\DataMatrix\config\settings.json
2025-01-01 11:05:18,246 - INFO - Read setting function triggered
2025-01-01 11:05:18,246 - INFO - Base path is = C:\MyWorkspace\PythonProjects\DesktopAppProjects\DataMatrix
2025-01-01 11:05:18,246 - INFO - Settings.json path is = C:\MyWorkspace\PythonProjects\DesktopAppProjects\DataMatrix\config\settings.json
2025-01-01 11:05:18,247 - ERROR - Excel File Error: Permission denied.File is already open in another application.
2025-01-01 11:05:28,178 - INFO - Generate monthly report function triggered
2025-01-01 11:05:28,178 - INFO - Read setting function triggered
2025-01-01 11:05:28,178 - INFO - Base path is = C:\MyWorkspace\PythonProjects\DesktopAppProjects\DataMatrix
2025-01-01 11:05:28,178 - INFO - Settings.json path is = C:\MyWorkspace\PythonProjects\DesktopAppProjects\DataMatrix\config\settings.json
2025-01-01 11:05:28,178 - INFO - Read setting function triggered
2025-01-01 11:05:28,178 - INFO - Base path is = C:\MyWorkspace\PythonProjects\DesktopAppProjects\DataMatrix
2025-01-01 11:05:28,178 - INFO - Settings.json path is = C:\MyWorkspace\PythonProjects\DesktopAppProjects\DataMatrix\config\settings.json
2025-01-01 11:05:28,180 - INFO - Completed - Generate monthly report function
2025-01-01 11:05:34,213 - INFO - Save settings function triggered
2025-01-01 11:05:34,213 - INFO - Base path is = C:\MyWorkspace\PythonProjects\DesktopAppProjects\DataMatrix
2025-01-01 11:05:34,213 - INFO - Settings.json path is = C:\MyWorkspace\PythonProjects\DesktopAppProjects\DataMatrix\config\settings.json
2025-01-01 11:05:34,215 - INFO - Settings JSON file updated successfully
2025-01-01 11:06:02,758 - INFO - Generate monthly report function triggered
2025-01-01 11:06:02,758 - INFO - Read setting function triggered
2025-01-01 11:06:02,758 - INFO - Base path is = C:\MyWorkspace\PythonProjects\DesktopAppProjects\DataMatrix
2025-01-01 11:06:02,758 - INFO - Settings.json path is = C:\MyWorkspace\PythonProjects\DesktopAppProjects\DataMatrix\config\settings.json
2025-01-01 11:06:02,759 - INFO - Read setting function triggered
2025-01-01 11:06:02,759 - INFO - Base path is = C:\MyWorkspace\PythonProjects\DesktopAppProjects\DataMatrix
2025-01-01 11:06:02,759 - INFO - Settings.json path is = C:\MyWorkspace\PythonProjects\DesktopAppProjects\DataMatrix\config\settings.json
2025-01-01 11:06:02,764 - INFO - Completed - Generate monthly report function
2025-01-01 11:06:08,903 - INFO - Save settings function triggered
2025-01-01 11:06:08,903 - INFO - Base path is = C:\MyWorkspace\PythonProjects\DesktopAppProjects\DataMatrix
2025-01-01 11:06:08,903 - INFO - Settings.json path is = C:\MyWorkspace\PythonProjects\DesktopAppProjects\DataMatrix\config\settings.json
2025-01-01 11:06:08,903 - INFO - Settings JSON file updated successfully
